<?xml version="1.0" encoding="UTF-8"?>
<testsuite xmlns:xsi="http://www.w3.org/2001/XMLSchema-instance" xsi:noNamespaceSchemaLocation="https://maven.apache.org/surefire/maven-surefire-plugin/xsd/surefire-test-report-3.0.xsd" version="3.0" name="com.example.demo.DemoApplicationTests" time="6.068" tests="1" errors="0" skipped="0" failures="0">
  <properties>
[...]
</properties>
  <testcase name="contextLoads" classname="com.example.demo.DemoApplicationTests" time="0.304">
    <system-out><![CDATA[00:40:52.932 [main] INFO org.springframework.test.context.support.AnnotationConfigContextLoaderUtils -- Could not detect default configuration classes for test class [com.example.demo.DemoApplicationTests]: DemoApplicationTests does not declare any static, non-private, non-final, nested classes annotated with @Configuration.
00:40:53.019 [main] INFO org.springframework.boot.test.context.SpringBootTestContextBootstrapper -- Found @SpringBootConfiguration com.example.demo.DemoApplication for test class com.example.demo.DemoApplicationTests

  .   ____          _            __ _ _
 /\\ / ___'_ __ _ _(_)_ __  __ _ \ \ \ \
( ( )\___ | '_ | '_| | '_ \/ _` | \ \ \ \
 \\/  ___)| |_)| | | | | || (_| |  ) ) ) )
  '  |____| .__|_| |_|_| |_\__, | / / / /
 =========|_|==============|___/=/_/_/_/
 :: Spring Boot ::                (v3.2.4)

2024-04-10T00:40:53.272+08:00  INFO 12196 --- [           main] com.example.demo.DemoApplicationTests    : Starting DemoApplicationTests using Java 19.0.1 with PID 12196 (started by HONG in C:\Users\HONG\Desktop\demo)
2024-04-10T00:40:53.273+08:00  INFO 12196 --- [           main] com.example.demo.DemoApplicationTests    : No active profile set, falling back to 1 default profile: "default"
2024-04-10T00:40:53.702+08:00  INFO 12196 --- [           main] .s.d.r.c.RepositoryConfigurationDelegate : Bootstrapping Spring Data JPA repositories in DEFAULT mode.
2024-04-10T00:40:53.743+08:00  INFO 12196 --- [           main] .s.d.r.c.RepositoryConfigurationDelegate : Finished Spring Data repository scanning in 36 ms. Found 3 JPA repository interfaces.
2024-04-10T00:40:54.067+08:00  INFO 12196 --- [           main] o.hibernate.jpa.internal.util.LogHelper  : HHH000204: Processing PersistenceUnitInfo [name: default]
2024-04-10T00:40:54.103+08:00  INFO 12196 --- [           main] org.hibernate.Version                    : HHH000412: Hibernate ORM core version 6.4.4.Final
2024-04-10T00:40:54.125+08:00  INFO 12196 --- [           main] o.h.c.internal.RegionFactoryInitiator    : HHH000026: Second-level cache disabled
2024-04-10T00:40:54.307+08:00  INFO 12196 --- [           main] o.s.o.j.p.SpringPersistenceUnitInfo      : No LoadTimeWeaver setup: ignoring JPA class transformer
2024-04-10T00:40:54.332+08:00  INFO 12196 --- [           main] com.zaxxer.hikari.HikariDataSource       : HikariPool-1 - Starting...
2024-04-10T00:40:56.030+08:00  INFO 12196 --- [           main] com.zaxxer.hikari.pool.HikariPool        : HikariPool-1 - Added connection org.postgresql.jdbc.PgConnection@7d61468c
2024-04-10T00:40:56.031+08:00  INFO 12196 --- [           main] com.zaxxer.hikari.HikariDataSource       : HikariPool-1 - Start completed.
2024-04-10T00:40:56.174+08:00  WARN 12196 --- [           main] org.hibernate.orm.deprecation            : HHH90000025: PostgreSQLDialect does not need to be specified explicitly using 'hibernate.dialect' (remove the property setting and it will be selected by default)
2024-04-10T00:40:56.930+08:00  INFO 12196 --- [           main] o.h.e.t.j.p.i.JtaPlatformInitiator       : HHH000489: No JTA platform available (set 'hibernate.transaction.jta.platform' to enable JTA platform integration)
2024-04-10T00:40:57.470+08:00  INFO 12196 --- [           main] j.LocalContainerEntityManagerFactoryBean : Initialized JPA EntityManagerFactory for persistence unit 'default'
2024-04-10T00:40:57.781+08:00  INFO 12196 --- [           main] o.s.d.j.r.query.QueryEnhancerFactory     : Hibernate is in classpath; If applicable, HQL parser will be used.
2024-04-10T00:40:58.156+08:00  WARN 12196 --- [           main] JpaBaseConfiguration$JpaWebConfiguration : spring.jpa.open-in-view is enabled by default. Therefore, database queries may be performed during view rendering. Explicitly configure spring.jpa.open-in-view to disable this warning
2024-04-10T00:40:58.358+08:00  INFO 12196 --- [           main] o.s.s.web.DefaultSecurityFilterChain     : Will secure any request with [org.springframework.security.web.session.DisableEncodeUrlFilter@52d04234, org.springframework.security.web.context.request.async.WebAsyncManagerIntegrationFilter@75f5293c, org.springframework.security.web.context.SecurityContextHolderFilter@3de473d9, org.springframework.security.web.header.HeaderWriterFilter@49fb77d0, org.springframework.web.filter.CorsFilter@3f7e72a7, org.springframework.security.web.authentication.logout.LogoutFilter@33116b8e, com.example.demo.JwtTokenFilter@28d97205, org.springframework.security.web.savedrequest.RequestCacheAwareFilter@743b4921, org.springframework.security.web.servletapi.SecurityContextHolderAwareRequestFilter@2a882681, org.springframework.security.web.authentication.AnonymousAuthenticationFilter@69bf351e, org.springframework.security.web.access.ExceptionTranslationFilter@688e2e8d, org.springframework.security.web.access.intercept.AuthorizationFilter@70d3b49c]
2024-04-10T00:40:58.577+08:00  INFO 12196 --- [           main] o.s.m.s.b.SimpleBrokerMessageHandler     : Starting...
2024-04-10T00:40:58.578+08:00  INFO 12196 --- [           main] o.s.m.s.b.SimpleBrokerMessageHandler     : BrokerAvailabilityEvent[available=true, SimpleBrokerMessageHandler [org.springframework.messaging.simp.broker.DefaultSubscriptionRegistry@155ab4b]]
2024-04-10T00:40:58.579+08:00  INFO 12196 --- [           main] o.s.m.s.b.SimpleBrokerMessageHandler     : Started.
2024-04-10T00:40:58.583+08:00  INFO 12196 --- [           main] com.example.demo.DemoApplicationTests    : Started DemoApplicationTests in 5.469 seconds (process running for 6.101)
]]></system-out>
  </testcase>
</testsuite>